<?xml version="1.0" encoding="UTF-8"?>
<!-- Generated by org.testng.reporters.JUnitReportReporter -->
<testsuite skipped="0" hostname="MD1J9NMC" name="automationFramework.FirstCase" tests="1" failures="0" timestamp="26 Mar 2018 14:37:41 GMT" time="2.465" errors="0">
  <testcase name="HomePageLoginTest" time="2.465" classname="automationFramework.FirstCase"/>
</testsuite> <!-- automationFramework.FirstCase -->
