<?xml version="1.0" encoding="UTF-8"?>
<!-- Generated by org.testng.reporters.JUnitReportReporter -->
<testsuite skipped="0" hostname="MD1J9NMC" name="automationFramework.TestCase" tests="4" failures="0" timestamp="29 Mar 2018 15:03:07 GMT" time="28.247" errors="0">
  <testcase name="loginPageTest" time="6.147" classname="automationFramework.TestCase"/>
  <testcase name="searchTest" time="13.673" classname="automationFramework.TestCase"/>
  <testcase name="productPageTest" time="5.701" classname="automationFramework.TestCase"/>
  <testcase name="myAccountPageTest" time="2.726" classname="automationFramework.TestCase"/>
</testsuite> <!-- automationFramework.TestCase -->
